[INFO] Scanning for projects...
[INFO] 
[INFO] ---------------------< com.aluralatam:literalura >----------------------
[INFO] Building literalura 0.0.1-SNAPSHOT
[INFO]   from pom.xml
[INFO] --------------------------------[ jar ]---------------------------------
[INFO] 
[INFO] >>> spring-boot:4.0.3:run (default-cli) > test-compile @ literalura >>>
[INFO] 
[INFO] --- resources:3.3.1:resources (default-resources) @ literalura ---
[INFO] Copying 1 resource from src\main\resources to target\classes
[INFO] Copying 0 resource from src\main\resources to target\classes
[INFO] 
[INFO] --- compiler:3.14.1:compile (default-compile) @ literalura ---
[INFO] Nothing to compile - all classes are up to date.
[INFO] 
[INFO] --- resources:3.3.1:testResources (default-testResources) @ literalura ---
[INFO] skip non existing resourceDirectory C:\Users\WIGUSA\Documents\GitHub\java\Java y Spring Framework\literalura\src\test\resources
[INFO] 
[INFO] --- compiler:3.14.1:testCompile (default-testCompile) @ literalura ---
[INFO] Recompiling the module because of changed source code.
[INFO] Compiling 1 source file with javac [debug parameters release 25] to target\test-classes
[INFO] -------------------------------------------------------------
[ERROR] COMPILATION ERROR : 
[INFO] -------------------------------------------------------------
[ERROR] /C:/Users/WIGUSA/Documents/GitHub/java/Java y Spring Framework/literalura/src/test/java/com/aluralatam/literalura/LiteraluraApplicationTests.java:[3,29] package org.junit.jupiter.api does not exist
[ERROR] /C:/Users/WIGUSA/Documents/GitHub/java/Java y Spring Framework/literalura/src/test/java/com/aluralatam/literalura/LiteraluraApplicationTests.java:[4,45] package org.springframework.boot.test.context does not exist
[ERROR] /C:/Users/WIGUSA/Documents/GitHub/java/Java y Spring Framework/literalura/src/test/java/com/aluralatam/literalura/LiteraluraApplicationTests.java:[6,2] cannot find symbol
  symbol: class SpringBootTest
[ERROR] /C:/Users/WIGUSA/Documents/GitHub/java/Java y Spring Framework/literalura/src/test/java/com/aluralatam/literalura/LiteraluraApplicationTests.java:[9,10] cannot find symbol
  symbol:   class Test
  location: class com.aluralatam.literalura.LiteraluraApplicationTests
[INFO] 4 errors 
[INFO] -------------------------------------------------------------
[INFO] ------------------------------------------------------------------------
[INFO] BUILD FAILURE
[INFO] ------------------------------------------------------------------------
[INFO] Total time:  3.778 s
[INFO] Finished at: 2026-02-26T16:53:36-05:00
[INFO] ------------------------------------------------------------------------
[ERROR] Failed to execute goal org.apache.maven.plugins:maven-compiler-plugin:3.14.1:testCompile (default-testCompile) on project literalura: Compilation failure: Compilation failure: 
[ERROR] /C:/Users/WIGUSA/Documents/GitHub/java/Java y Spring Framework/literalura/src/test/java/com/aluralatam/literalura/LiteraluraApplicationTests.java:[3,29] package org.junit.jupiter.api does not exist
[ERROR] /C:/Users/WIGUSA/Documents/GitHub/java/Java y Spring Framework/literalura/src/test/java/com/aluralatam/literalura/LiteraluraApplicationTests.java:[4,45] package org.springframework.boot.test.context does not exist
[ERROR] /C:/Users/WIGUSA/Documents/GitHub/java/Java y Spring Framework/literalura/src/test/java/com/aluralatam/literalura/LiteraluraApplicationTests.java:[6,2] cannot find symbol
[ERROR]   symbol: class SpringBootTest
[ERROR] /C:/Users/WIGUSA/Documents/GitHub/java/Java y Spring Framework/literalura/src/test/java/com/aluralatam/literalura/LiteraluraApplicationTests.java:[9,10] cannot find symbol
[ERROR]   symbol:   class Test
[ERROR]   location: class com.aluralatam.literalura.LiteraluraApplicationTests
[ERROR] -> [Help 1]
[ERROR] 
[ERROR] To see the full stack trace of the errors, re-run Maven with the -e switch.
[ERROR] Re-run Maven using the -X switch to enable full debug logging.
[ERROR] 
[ERROR] For more information about the errors and possible solutions, please read the following articles:
[ERROR] [Help 1] http://cwiki.apache.org/confluence/display/MAVEN/MojoFailureException
